[18:13:47] [ServerMain/INFO]: Environment: authHost='https://authserver.mojang.com', accountsHost='https://api.mojang.com', sessionHost='https://sessionserver.mojang.com', servicesHost='https://api.minecraftservices.com', name='PROD'
[18:13:47] [ServerMain/INFO]: Found new data pack file/bukkit, loading it automatically
[18:13:52] [ServerMain/INFO]: Loaded 7 recipes
[18:13:57] [Server thread/INFO]: Starting minecraft server version 1.19.4
[18:13:57] [Server thread/INFO]: Loading properties
[18:13:57] [Server thread/INFO]: This server is running Paper version git-Paper-477 (MC: 1.19.4) (Implementing API version 1.19.4-R0.1-SNAPSHOT) (Git: 5c78e77)
[18:13:57] [Server thread/INFO]: Server Ping Player Sample Count: 12
[18:13:57] [Server thread/INFO]: Using 4 threads for Netty based IO
[18:13:58] [Server thread/INFO]: [ChunkTaskScheduler] Chunk system is using 1 I/O threads, 1 worker threads, and gen parallelism of 1 threads
[18:13:59] [Server thread/INFO]: Default game type: SURVIVAL
[18:13:59] [Server thread/INFO]: Generating keypair
[18:13:59] [Server thread/INFO]: Starting Minecraft server on *:25565
[18:13:59] [Server thread/INFO]: Using epoll channel type
[18:13:59] [Server thread/INFO]: Paper: Using libdeflate (Linux x86_64) compression from Velocity.
[18:13:59] [Server thread/INFO]: Paper: Using OpenSSL 1.1.x (Linux x86_64) cipher from Velocity.
[18:14:02] [Server thread/INFO]: [com.dfsek.terra.AbstractPlatform] Initializing Terra...
[18:14:02] [Server thread/INFO]: [com.dfsek.terra.AbstractPlatform] Loading config.yml
[18:14:02] [Server thread/INFO]: [com.dfsek.terra.AbstractPlatform] Dumping config.yml...
[18:14:02] [Server thread/INFO]: [com.dfsek.terra.config.PluginConfigImpl] Loading config values from config.yml
[18:14:02] [Server thread/INFO]: [com.dfsek.terra.AbstractPlatform] Dumping resource /home/panem/dev/surredstone/server/plugins/Terra/addons/bootstrap/Terra-api-addon-loader-0.1.0-BETA+8fff27fdd-all.jar...
[18:14:02] [Server thread/INFO]: [com.dfsek.terra.AbstractPlatform] Dumping resource /home/panem/dev/surredstone/server/plugins/Terra/addons/bootstrap/Terra-manifest-addon-loader-1.0.0-BETA+8fff27fdd-all.jar...
[18:14:02] [Server thread/INFO]: [com.dfsek.terra.AbstractPlatform] Dumping resource /home/panem/dev/surredstone/server/plugins/Terra/addons/Terra-biome-provider-extrusion-1.0.0-BETA+8fff27fdd-all.jar...
[18:14:02] [Server thread/INFO]: [com.dfsek.terra.AbstractPlatform] Dumping resource /home/panem/dev/surredstone/server/plugins/Terra/addons/Terra-biome-provider-image-1.0.0-BETA+8fff27fdd-all.jar...
[18:14:02] [Server thread/INFO]: [com.dfsek.terra.AbstractPlatform] Dumping resource /home/panem/dev/surredstone/server/plugins/Terra/addons/Terra-biome-provider-pipeline-1.0.1-BETA+8fff27fdd-all.jar...
[18:14:02] [Server thread/INFO]: [com.dfsek.terra.AbstractPlatform] Dumping resource /home/panem/dev/surredstone/server/plugins/Terra/addons/Terra-biome-provider-pipeline-v2-1.0.0-BETA+8fff27fdd-all.jar...
[18:14:02] [Server thread/INFO]: [com.dfsek.terra.AbstractPlatform] Dumping resource /home/panem/dev/surredstone/server/plugins/Terra/addons/Terra-biome-provider-single-1.0.0-BETA+8fff27fdd-all.jar...
[18:14:02] [Server thread/INFO]: [com.dfsek.terra.AbstractPlatform] Dumping resource /home/panem/dev/surredstone/server/plugins/Terra/addons/Terra-biome-query-api-1.0.0-BETA+8fff27fdd-all.jar...
[18:14:02] [Server thread/INFO]: [com.dfsek.terra.AbstractPlatform] Dumping resource /home/panem/dev/surredstone/server/plugins/Terra/addons/Terra-chunk-generator-noise-3d-1.1.0-BETA+8fff27fdd-all.jar...
[18:14:02] [Server thread/INFO]: [com.dfsek.terra.AbstractPlatform] Dumping resource /home/panem/dev/surredstone/server/plugins/Terra/addons/Terra-command-addons-1.0.0-BETA+8fff27fdd-all.jar...
[18:14:02] [Server thread/INFO]: [com.dfsek.terra.AbstractPlatform] Dumping resource /home/panem/dev/surredstone/server/plugins/Terra/addons/Terra-command-packs-1.0.0-BETA+8fff27fdd-all.jar...
[18:14:02] [Server thread/INFO]: [com.dfsek.terra.AbstractPlatform] Dumping resource /home/panem/dev/surredstone/server/plugins/Terra/addons/Terra-command-profiler-1.0.0-BETA+8fff27fdd-all.jar...
[18:14:02] [Server thread/INFO]: [com.dfsek.terra.AbstractPlatform] Dumping resource /home/panem/dev/surredstone/server/plugins/Terra/addons/Terra-command-structures-1.0.0-BETA+8fff27fdd-all.jar...
[18:14:02] [Server thread/INFO]: [com.dfsek.terra.AbstractPlatform] Dumping resource /home/panem/dev/surredstone/server/plugins/Terra/addons/Terra-config-biome-1.0.0-BETA+8fff27fdd-all.jar...
[18:14:02] [Server thread/INFO]: [com.dfsek.terra.AbstractPlatform] Dumping resource /home/panem/dev/surredstone/server/plugins/Terra/addons/Terra-config-distributors-1.0.0-BETA+8fff27fdd-all.jar...
[18:14:02] [Server thread/INFO]: [com.dfsek.terra.AbstractPlatform] Dumping resource /home/panem/dev/surredstone/server/plugins/Terra/addons/Terra-config-feature-1.0.0-BETA+8fff27fdd-all.jar...
[18:14:02] [Server thread/INFO]: [com.dfsek.terra.AbstractPlatform] Dumping resource /home/panem/dev/surredstone/server/plugins/Terra/addons/Terra-config-flora-1.0.0-BETA+8fff27fdd-all.jar...
[18:14:02] [Server thread/INFO]: [com.dfsek.terra.AbstractPlatform] Dumping resource /home/panem/dev/surredstone/server/plugins/Terra/addons/Terra-config-locators-1.1.0-BETA+8fff27fdd-all.jar...
[18:14:03] [Server thread/INFO]: [com.dfsek.terra.AbstractPlatform] Dumping resource /home/panem/dev/surredstone/server/plugins/Terra/addons/Terra-config-noise-function-1.0.0-BETA+8fff27fdd-all.jar...
[18:14:03] [Server thread/INFO]: [com.dfsek.terra.AbstractPlatform] Dumping resource /home/panem/dev/surredstone/server/plugins/Terra/addons/Terra-config-ore-1.0.0-BETA+8fff27fdd-all.jar...
[18:14:03] [Server thread/INFO]: [com.dfsek.terra.AbstractPlatform] Dumping resource /home/panem/dev/surredstone/server/plugins/Terra/addons/Terra-config-palette-1.0.0-BETA+8fff27fdd-all.jar...
[18:14:03] [Server thread/INFO]: [com.dfsek.terra.AbstractPlatform] Dumping resource /home/panem/dev/surredstone/server/plugins/Terra/addons/Terra-config-structure-1.0.0-BETA+8fff27fdd-all.jar...
[18:14:03] [Server thread/INFO]: [com.dfsek.terra.AbstractPlatform] Dumping resource /home/panem/dev/surredstone/server/plugins/Terra/addons/Terra-generation-stage-feature-1.1.0-BETA+8fff27fdd-all.jar...
[18:14:03] [Server thread/INFO]: [com.dfsek.terra.AbstractPlatform] Dumping resource /home/panem/dev/surredstone/server/plugins/Terra/addons/Terra-generation-stage-structure-1.0.0-BETA+8fff27fdd-all.jar...
[18:14:03] [Server thread/INFO]: [com.dfsek.terra.AbstractPlatform] Dumping resource /home/panem/dev/surredstone/server/plugins/Terra/addons/Terra-language-yaml-1.0.0-BETA+8fff27fdd-all.jar...
[18:14:03] [Server thread/INFO]: [com.dfsek.terra.AbstractPlatform] Dumping resource /home/panem/dev/surredstone/server/plugins/Terra/addons/Terra-palette-block-shortcut-1.0.0-BETA+8fff27fdd-all.jar...
[18:14:03] [Server thread/INFO]: [com.dfsek.terra.AbstractPlatform] Dumping resource /home/panem/dev/surredstone/server/plugins/Terra/addons/Terra-structure-block-shortcut-1.0.0-BETA+8fff27fdd-all.jar...
[18:14:03] [Server thread/INFO]: [com.dfsek.terra.AbstractPlatform] Dumping resource /home/panem/dev/surredstone/server/plugins/Terra/addons/Terra-structure-mutator-0.1.0-BETA+8fff27fdd-all.jar...
[18:14:03] [Server thread/INFO]: [com.dfsek.terra.AbstractPlatform] Dumping resource /home/panem/dev/surredstone/server/plugins/Terra/addons/Terra-structure-sponge-loader-1.0.0-BETA+8fff27fdd-all.jar...
[18:14:03] [Server thread/INFO]: [com.dfsek.terra.AbstractPlatform] Dumping resource /home/panem/dev/surredstone/server/plugins/Terra/addons/Terra-structure-terrascript-loader-1.1.0-BETA+8fff27fdd-all.jar...
[18:14:03] [Server thread/INFO]: [com.dfsek.terra.AbstractPlatform] Dumping resource /home/panem/dev/surredstone/server/plugins/Terra/addons/Terra-terrascript-function-check-noise-3d-1.0.0-BETA+8fff27fdd-all.jar...
[18:14:03] [Server thread/INFO]: [com.dfsek.terra.AbstractPlatform] Dumping resource /home/panem/dev/surredstone/server/plugins/Terra/addons/Terra-terrascript-function-sampler-1.0.0-BETA+8fff27fdd-all.jar...
[18:14:03] [Server thread/INFO]: [com.dfsek.terra.AbstractPlatform] Dumping resource /home/panem/dev/surredstone/server/plugins/Terra/packs/default.zip...
[18:14:03] [Server thread/INFO]: [com.dfsek.terra.AbstractPlatform] Loading 32 Terra addons:
        - biome-provider-extrusion@1.0.0-BETA+8fff27fdd
        - biome-provider-image@1.0.0-BETA+8fff27fdd
        - biome-provider-pipeline@1.0.1-BETA+8fff27fdd
        - biome-provider-pipeline-v2@1.0.0-BETA+8fff27fdd
        - biome-provider-single@1.0.0-BETA+8fff27fdd
        - biome-query-api@1.0.0-BETA+8fff27fdd
        - chunk-generator-noise-3d@1.1.0-BETA+8fff27fdd
        - command-addons@1.0.0-BETA+8fff27fdd
        - command-packs@1.0.0-BETA+8fff27fdd
        - command-profiler@1.0.0-BETA+8fff27fdd
        - command-structures@1.0.0-BETA+8fff27fdd
        - config-biome@1.0.0-BETA+8fff27fdd
        - config-distributors@1.0.0-BETA+8fff27fdd
        - config-feature@1.0.0-BETA+8fff27fdd
        - config-flora@1.0.0-BETA+8fff27fdd
        - config-locators@1.1.0-BETA+8fff27fdd
        - config-noise-function@1.0.0-BETA+8fff27fdd
        - config-ore@1.0.0-BETA+8fff27fdd
        - config-palette@1.0.0-BETA+8fff27fdd
        - config-structure@1.0.0-BETA+8fff27fdd
        - generation-stage-feature@1.1.0-BETA+8fff27fdd
        - generation-stage-structure@1.0.0-BETA+8fff27fdd
        - language-yaml@1.0.0-BETA+8fff27fdd
        - palette-block-shortcut@1.0.0-BETA+8fff27fdd
        - structure-block-shortcut@1.0.0-BETA+8fff27fdd
        - structure-function-check-noise-3d@1.0.0-BETA+8fff27fdd
        - structure-mutator@0.1.0-BETA+8fff27fdd
        - structure-sponge-loader@1.0.0-BETA+8fff27fdd
        - structure-terrascript-loader@1.1.0-BETA+8fff27fdd
        - terra@1.0.0
        - terra-bukkit@1.0.0
        - terrascript-function-sampler@1.0.0-BETA+8fff27fdd
[18:14:03] [Server thread/WARN]: [com.dfsek.terra.addons.biome.pipeline.BiomePipelineAddon] The biome-provider-pipeline addon is deprecated and scheduled for removal in Terra 7.0. It is recommended to use the biome-provider-pipeline-v2 addon for future pack development instead.
[18:14:03] [Server thread/INFO]: [com.dfsek.terra.AbstractPlatform] Terra addons successfully loaded.
[18:14:03] [Server thread/INFO]: [com.dfsek.terra.AbstractPlatform] Finished initialization.
[18:14:03] [Server thread/INFO]: [Terra] Loading server plugin Terra v6.2.2-BETA+8fff27fdd
[18:14:03] [Server thread/INFO]: [Terra] Enabling Terra v6.2.2-BETA+8fff27fdd
[18:14:03] [Server thread/INFO]: [com.dfsek.terra.bukkit.TerraBukkitPlugin] Running on Minecraft version v1.19.3 with server implementation Paper.
[18:14:03] [Server thread/INFO]: [com.dfsek.terra.AbstractPlatform] Loading config packs...
[18:14:03] [Server thread/INFO]: [com.dfsek.terra.registry.master.ConfigRegistry] Loading ZIP archive: default.zip
[18:14:06] [Server thread/INFO]: [com.dfsek.terra.config.pack.ConfigPackImpl] Loading config pack "OVERWORLD:OVERWORLD"
[18:14:10] [Server thread/INFO]: [com.dfsek.terra.config.pack.ConfigPackImpl] Loaded config pack "OVERWORLD:OVERWORLD" v1.3.0 by Astrash, Sancires, Aureus in 6877.7071ms.
[18:14:11] [Server thread/INFO]: [com.dfsek.terra.AbstractPlatform] Loaded packs.
[18:14:11] [Server thread/ERROR]: [com.dfsek.terra.bukkit.nms.Initializer] NMS bindings for version v1_19_R3 do not exist. Support for this version is limited.
[18:14:11] [Server thread/ERROR]: [com.dfsek.terra.bukkit.nms.Initializer] This is usually due to running Terra on an unsupported Minecraft version.
[18:14:11] [Server thread/ERROR]: [com.dfsek.terra.bukkit.nms.Initializer] 
[18:14:11] [Server thread/ERROR]: [com.dfsek.terra.bukkit.nms.Initializer] 
[18:14:11] [Server thread/ERROR]: [com.dfsek.terra.bukkit.nms.Initializer] PROCEEDING WITH AN EXISTING TERRA WORLD WILL RESULT IN CORRUPTION!!!
[18:14:11] [Server thread/ERROR]: [com.dfsek.terra.bukkit.nms.Initializer] PROCEEDING WITH AN EXISTING TERRA WORLD WILL RESULT IN CORRUPTION!!!
[18:14:11] [Server thread/ERROR]: [com.dfsek.terra.bukkit.nms.Initializer] PROCEEDING WITH AN EXISTING TERRA WORLD WILL RESULT IN CORRUPTION!!!
[18:14:11] [Server thread/ERROR]: [com.dfsek.terra.bukkit.nms.Initializer] PROCEEDING WITH AN EXISTING TERRA WORLD WILL RESULT IN CORRUPTION!!!
[18:14:11] [Server thread/ERROR]: [com.dfsek.terra.bukkit.nms.Initializer] PROCEEDING WITH AN EXISTING TERRA WORLD WILL RESULT IN CORRUPTION!!!
[18:14:11] [Server thread/ERROR]: [com.dfsek.terra.bukkit.nms.Initializer] PROCEEDING WITH AN EXISTING TERRA WORLD WILL RESULT IN CORRUPTION!!!
[18:14:11] [Server thread/ERROR]: [com.dfsek.terra.bukkit.nms.Initializer] PROCEEDING WITH AN EXISTING TERRA WORLD WILL RESULT IN CORRUPTION!!!
[18:14:11] [Server thread/ERROR]: [com.dfsek.terra.bukkit.nms.Initializer] PROCEEDING WITH AN EXISTING TERRA WORLD WILL RESULT IN CORRUPTION!!!
[18:14:11] [Server thread/ERROR]: [com.dfsek.terra.bukkit.nms.Initializer] PROCEEDING WITH AN EXISTING TERRA WORLD WILL RESULT IN CORRUPTION!!!
[18:14:11] [Server thread/ERROR]: [com.dfsek.terra.bukkit.nms.Initializer] PROCEEDING WITH AN EXISTING TERRA WORLD WILL RESULT IN CORRUPTION!!!
[18:14:11] [Server thread/ERROR]: [com.dfsek.terra.bukkit.nms.Initializer] PROCEEDING WITH AN EXISTING TERRA WORLD WILL RESULT IN CORRUPTION!!!
[18:14:11] [Server thread/ERROR]: [com.dfsek.terra.bukkit.nms.Initializer] PROCEEDING WITH AN EXISTING TERRA WORLD WILL RESULT IN CORRUPTION!!!
[18:14:11] [Server thread/ERROR]: [com.dfsek.terra.bukkit.nms.Initializer] PROCEEDING WITH AN EXISTING TERRA WORLD WILL RESULT IN CORRUPTION!!!
[18:14:11] [Server thread/ERROR]: [com.dfsek.terra.bukkit.nms.Initializer] PROCEEDING WITH AN EXISTING TERRA WORLD WILL RESULT IN CORRUPTION!!!
[18:14:11] [Server thread/ERROR]: [com.dfsek.terra.bukkit.nms.Initializer] PROCEEDING WITH AN EXISTING TERRA WORLD WILL RESULT IN CORRUPTION!!!
[18:14:11] [Server thread/ERROR]: [com.dfsek.terra.bukkit.nms.Initializer] PROCEEDING WITH AN EXISTING TERRA WORLD WILL RESULT IN CORRUPTION!!!
[18:14:11] [Server thread/ERROR]: [com.dfsek.terra.bukkit.nms.Initializer] PROCEEDING WITH AN EXISTING TERRA WORLD WILL RESULT IN CORRUPTION!!!
[18:14:11] [Server thread/ERROR]: [com.dfsek.terra.bukkit.nms.Initializer] PROCEEDING WITH AN EXISTING TERRA WORLD WILL RESULT IN CORRUPTION!!!
[18:14:11] [Server thread/ERROR]: [com.dfsek.terra.bukkit.nms.Initializer] PROCEEDING WITH AN EXISTING TERRA WORLD WILL RESULT IN CORRUPTION!!!
[18:14:11] [Server thread/ERROR]: [com.dfsek.terra.bukkit.nms.Initializer] PROCEEDING WITH AN EXISTING TERRA WORLD WILL RESULT IN CORRUPTION!!!
[18:14:11] [Server thread/ERROR]: [com.dfsek.terra.bukkit.nms.Initializer] 
[18:14:11] [Server thread/ERROR]: [com.dfsek.terra.bukkit.nms.Initializer] 
[18:14:11] [Server thread/ERROR]: [com.dfsek.terra.bukkit.nms.Initializer] NMS bindings for version v1_19_R3 do not exist. Support for this version is limited.
[18:14:11] [Server thread/ERROR]: [com.dfsek.terra.bukkit.nms.Initializer] This is usually due to running Terra on an unsupported Minecraft version.
[18:14:11] [Server thread/INFO]: Preparing level "world"
[18:15:09] [Server thread/INFO]: Preparing start region for dimension minecraft:overworld
[18:15:11] [Server thread/INFO]: Time elapsed: 1853 ms
[18:15:11] [Server thread/INFO]: Preparing start region for dimension minecraft:the_nether
[18:15:12] [Server thread/INFO]: Time elapsed: 1044 ms
[18:15:12] [Server thread/INFO]: Preparing start region for dimension minecraft:the_end
[18:15:14] [Server thread/INFO]: Time elapsed: 1778 ms
[18:15:16] [Server thread/INFO]: Running delayed init tasks
[18:15:16] [Server thread/INFO]: Done (79.671s)! For help, type "help"
[18:15:16] [Server thread/INFO]: Timings Reset
[18:15:38] [Server thread/INFO]: Stopping the server
[18:15:38] [Server thread/INFO]: Stopping server
[18:15:38] [Server thread/INFO]: [Terra] Disabling Terra v6.2.2-BETA+8fff27fdd
[18:15:38] [Server thread/INFO]: Saving players
[18:15:38] [Server thread/INFO]: Saving worlds
[18:15:39] [Server thread/INFO]: Saving chunks for level 'ServerLevel[world]'/minecraft:overworld
[18:15:39] [Server thread/INFO]: [ChunkHolderManager] Waiting 60s for chunk system to halt for world 'world'
[18:15:39] [Server thread/INFO]: [ChunkHolderManager] Halted chunk system for world 'world'
[18:15:39] [Server thread/INFO]: [ChunkHolderManager] Saving all chunkholders for world 'world'
[18:15:49] [Server thread/INFO]: [ChunkHolderManager] Saved 673 chunks (44.23%) in world 'world'
[18:15:53] [Server thread/INFO]: [ChunkHolderManager] Saved 1521 block chunks, 1 entity chunks, 0 poi chunks in world 'world' in 14.37s
[18:15:53] [Server thread/INFO]: ThreadedAnvilChunkStorage (world): All chunks are saved
[18:15:53] [Server thread/INFO]: Saving chunks for level 'ServerLevel[world_nether]'/minecraft:the_nether
[18:15:53] [Server thread/INFO]: [ChunkHolderManager] Waiting 60s for chunk system to halt for world 'world_nether'
[18:15:53] [Server thread/INFO]: [ChunkHolderManager] Halted chunk system for world 'world_nether'
[18:15:53] [Server thread/INFO]: [ChunkHolderManager] Saving all chunkholders for world 'world_nether'
[18:15:57] [Server thread/INFO]: [ChunkHolderManager] Saved 1521 block chunks, 1 entity chunks, 0 poi chunks in world 'world_nether' in 4.07s
[18:15:57] [Server thread/INFO]: ThreadedAnvilChunkStorage (DIM-1): All chunks are saved
[18:15:57] [Server thread/INFO]: Saving chunks for level 'ServerLevel[world_the_end]'/minecraft:the_end
[18:15:57] [Server thread/INFO]: [ChunkHolderManager] Waiting 60s for chunk system to halt for world 'world_the_end'
[18:15:57] [Server thread/INFO]: [ChunkHolderManager] Halted chunk system for world 'world_the_end'
[18:15:57] [Server thread/INFO]: [ChunkHolderManager] Saving all chunkholders for world 'world_the_end'
[18:16:02] [Server thread/INFO]: [ChunkHolderManager] Saved 1681 block chunks, 1 entity chunks, 0 poi chunks in world 'world_the_end' in 4.99s
[18:16:03] [Server thread/INFO]: ThreadedAnvilChunkStorage (DIM1): All chunks are saved
[18:16:03] [Server thread/INFO]: ThreadedAnvilChunkStorage: All dimensions are saved
[18:16:03] [Server thread/INFO]: Flushing Chunk IO
[18:16:03] [Server thread/INFO]: Closing Thread Pool
[18:16:03] [Server thread/INFO]: Closing Server
